{
  "0 debug pnpm:scope": {
    "selected": 1
  },
  "1 debug pnpm:package-manifest": {
    "initial": {
      "name": "vigor",
      "version": "1.0.0",
      "description": "",
      "main": "index.js",
      "scripts": {
        "test": "echo \"Error: no test specified\" && exit 1"
      },
      "repository": {
        "type": "git",
        "url": "git+https://github.com/Flandre3569/vigor.js.git"
      },
      "author": "",
      "license": "ISC",
      "bugs": {
        "url": "https://github.com/Flandre3569/vigor.js/issues"
      },
      "homepage": "https://github.com/Flandre3569/vigor.js#readme"
    },
    "prefix": "E:\\github\\vigor.js"
  },
  "2 debug pnpm:context": {
    "currentLockfileExists": false,
    "storeDir": "E:\\.pnpm-store\\v3",
    "virtualStoreDir": "E:\\github\\vigor.js\\node_modules\\.pnpm"
  },
  "3 debug pnpm:stage": {
    "prefix": "E:\\github\\vigor.js",
    "stage": "resolution_started"
  },
  "4 error pnpm": {
    "code": "ERR_PNPM_FETCH_404",
    "hint": "@type/node is not in the npm registry, or you have no permission to fetch it.\n\nAn authorization header was used: Bearer npm_[hidden]",
    "request": {
      "authHeaderValue": "Bearer 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",
      "url": "https://registry.npmjs.org/@type%2Fnode"
    },
    "response": {
      "size": 0
    },
    "pkgName": "@type/node",
    "pkgsStack": [],
    "err": {
      "name": "pnpm",
      "message": "GET https://registry.npmjs.org/@type%2Fnode: Not Found - 404",
      "code": "ERR_PNPM_FETCH_404",
      "stack": "pnpm: GET https://registry.npmjs.org/@type%2Fnode: Not Found - 404\n    at RetryOperation._fn (C:\\Users\\Fan\\AppData\\Roaming\\npm\\node_modules\\pnpm\\dist\\pnpm.cjs:85646:19)\n    at process.processTicksAndRejections (node:internal/process/task_queues:95:5)"
    }
  }
}